Switch# factory-reset all secure  3-pass
The factory reset operation is irreversible for securely reset all. Are you sure? [confirm]
 The following will be deleted as a part of factory reset: 3-pass
 1: Crash info and logs
 2: User data, startup and running configuration
 3: All IOS images, including the current boot image
 4: OBFL logs
 5: User added rommon variables
 6: Data on Field Replaceable Units(USB/SSD/SATA)
 The system will reload to perform factory reset.
 It will take some time to complete and bring it to rommon.
 You will need to load IOS image using USB/TFTP from rommon after
 this operation is completed.
 DO NOT UNPLUG THE POWER OR INTERRUPT THE OPERATION
 Are you sure you want to continue? [confirm]
 Protection key not found
Switch#
Chassis 1 reloading, reason - Factory Reset
Dec  2 16:18:05.300: %PMAN-5-EXITACTION: F0/0: pvp: Process manager is exiting: reload fp action requested
Dec  2 16:18:23.011: %PMAN-5-EXITACTION: R0

Enabling factory reset for this reload cycle
 Switch booted with flash:packages.conf
 Switch booted via packages.conf
% FACTORYRESET - Started Cleaning Up...

% FACTORYRESET - Unmounting sd1
% FACTORYRESET - Cleaning Up sd1 [0]
% FACTORYRESET - erase In progress.. please wait for completion...
% FACTORYRESET - 3-pass(DoD 5220.22-M) erase:
% FACTORYRESET - write zero...
% FACTORYRESET - write one...
% FACTORYRESET - write random...
% FACTORYRESET - finish erase

% FACTORYRESET - Making File System sd1 [0]
Creating filesystem with 409600 4k blocks and 102544 inodes
Filesystem UUID: b4298fd9-4581-42ac-95d7-d85231eb9dd6
Superblock backups stored on blocks:
  32768, 98304, 163840, 229376, 294912

Allocating group tables: done
Writing inode tables: done
Writing superblocks and filesystem accounting information: done

% FACTORYRESET - Mounting Back sd1 [0]
% FACTORYRESET - Handling Mounted sd1
% FACTORYRESET - Factory Reset Done for sd1

% FACTORYRESET - Unmounting sd3
% FACTORYRESET - Cleaning Up sd3 [0]
% FACTORYRESET - erase In progress.. please wait for completion...
% FACTORYRESET - 3-pass(DoD 5220.22-M) erase:
% FACTORYRESET - write zero...
% FACTORYRESET - write one...
% FACTORYRESET - write random...
% FACTORYRESET - finish erase

% FACTORYRESET - Making File System sd3 [0]
Creating filesystem with 2816000 4k blocks and 704512 inodes
Filesystem UUID: 0ac15d4e-4abd-4d4d-8d3d-29de0e0f1b1c
Superblock backups stored on blocks:
  32768, 98304, 163840, 229376, 294912, 819200, 884736, 1605632, 2654208

Allocating group tables: done
Writing inode tables: done
Writing superblocks and filesystem accounting information: done

% FACTORYRESET - Mounting Back sd3 [0]
% FACTORYRESET - Handling Mounted sd3
% FACTORYRESET - Factory Reset Done for sd3

% FACTORYRESET - Unmounting sd6
% FACTORYRESET - Cleaning Up sd6 [0]
% FACTORYRESET - erase In progress.. please wait for completion...
% FACTORYRESET - 3-pass(DoD 5220.22-M) erase:
% FACTORYRESET - write zero...
% FACTORYRESET - write one...
% FACTORYRESET - write random...
% FACTORYRESET - finish erase

% FACTORYRESET - Making File System sd6 [0]
Creating filesystem with 131072 1k blocks and 32768 inodes
Filesystem UUID: 4125dbc9-e3b1-4f22-b6ca-921217f25007
Superblock backups stored on blocks:
  8193, 24577, 40961, 57345, 73729

Allocating group tables: done
Writing inode tables: done
Writing superblocks and filesystem accounting information: done

% FACTORYRESET - Mounting Back sd6 [0]
% FACTORYRESET - Handling Mounted sd6
% FACTORYRESET - Factory Reset Done for sd6
% FACTORYRESET - Lic Clean UP
% FACTORYRESET - Lic Clean Successful...
% FACTORYRESET - Clean Up Successful...
% FACTORYRESET - Check if usbflash0 is mounted...
% FACTORYRESET - Check if usbflash1 is mounted...
% FACTORYRESET - usbflash1 detected..
% FACTORYRESET - Proceed with Unmounting the USB3.0 SSD...
% FACTORYRESET - Cleaning Up /vol/usb1
% FACTORYRESET - In progress.. please wait for completion...
% FACTORYRESET - Making File System on SSD
Discarding device blocks: done
Creating filesystem with 58607505 4k blocks and 14655488 inodes
Filesystem UUID: c671bdaa-f72d-4aa3-b7b4-0e9212175f76
Superblock backups stored on blocks:
  32768, 98304, 163840, 229376, 294912, 819200, 884736, 1605632, 2654208,
  4096000, 7962624, 11239424, 20480000, 23887872

Allocating group tables: done
Writing inode tables: done
Creating journal (32768 blocks): done
Writing superblocks and filesystem accounting information: done

% FACTORYRESET - Mounting Back usbflash1
% FACTORYRESET - Factory reset done for SSD
Factory reset successful. Rebooting...

Initializing Hardware......

SNP: failed to initialize MAC address (not found/zero)
Please set a value for MAC_ADDR and restart the device before proceeding

MOTHERBOARD_SERIAL_NUM is not set <null string>
SWITCH_NUMBER is not set <null string>
MODEL_NUM is not set <null string>
Warning: Recreating nvram region... mandatory variables absent

System Bootstrap, Version 17.12.1r, RELEASE SOFTWARE (P)
Compiled Mon 04/24/2023 22:21:00.36 by rel

Current ROMMON image : Primary
Last reset cause     : SoftwareReload
C9300-24T platform with 8388608 Kbytes of main memory

Setting MODEL_NUM [C9300-24T]
Setting SYSTEM_SERIAL_NUM [FCW2129L05N]
Setting MOTHERBOARD_SERIAL_NUM [FOC212869HN]
Setting VERSION_ID [V01]
Setting MOTHERBOARD_REVISION_NUM [A0]
Setting MOTHERBOARD_ASSEMBLY_NUM [73-17952-06]
Setting MODEL_REVISION_NUM [A0]
WARNING: Bootable URL's in BOOT variable not found or exhausted.
         Please check the ROMMON configuration or boot command usage.
switch:
